This file contains any messages produced by compilers while
running configure, to aid debugging if configure makes a mistake.

It was created by LibHTP configure 0.5.45, which was
generated by GNU Autoconf 2.71.  Invocation command line was

  $ ./configure --disable-option-checking --prefix=/usr --enable-nfqueue --enable-dpdk --sysconfdir=/etc --localstatedir=/var --cache-file=/dev/null --srcdir=.

## --------- ##
## Platform. ##
## --------- ##

hostname = suri
uname -m = x86_64
uname -r = 5.15.0-101-generic
uname -s = Linux
uname -v = #111-Ubuntu SMP Tue Mar 5 20:16:58 UTC 2024

/usr/bin/uname -p = x86_64
/bin/uname -X     = unknown

/bin/arch              = x86_64
/usr/bin/arch -k       = unknown
/usr/convex/getsysinfo = unknown
/usr/bin/hostinfo      = unknown
/bin/machine           = unknown
/usr/bin/oslevel       = unknown
/bin/universe          = unknown

PATH: /home/suri/.local/bin/
PATH: /usr/local/sbin/
PATH: /usr/local/bin/
PATH: /usr/sbin/
PATH: /usr/bin/
PATH: /sbin/
PATH: /bin/
PATH: /usr/games/
PATH: /usr/local/games/
PATH: /snap/bin/


## ----------- ##
## Core tests. ##
## ----------- ##

configure:2815: looking for aux files: config.rpath config.guess config.sub ltmain.sh compile missing install-sh
configure:2828:  trying ./
configure:2857:   ./config.rpath found
configure:2857:   ./config.guess found
configure:2857:   ./config.sub found
configure:2857:   ./ltmain.sh found
configure:2857:   ./compile found
configure:2857:   ./missing found
configure:2839:   ./install-sh found
configure:2986: checking for a BSD-compatible install
configure:3059: result: /usr/bin/install -c
configure:3070: checking whether build environment is sane
configure:3125: result: yes
configure:3284: checking for a race-free mkdir -p
configure:3328: result: /usr/bin/mkdir -p
configure:3335: checking for gawk
configure:3356: found /usr/bin/gawk
configure:3367: result: gawk
configure:3378: checking whether make sets $(MAKE)
configure:3401: result: yes
configure:3431: checking whether make supports nested variables
configure:3449: result: yes
configure:3736: checking for gcc
configure:3757: found /usr/bin/gcc
configure:3768: result: gcc
configure:4121: checking for C compiler version
configure:4130: gcc --version >&5
gcc (Ubuntu 11.4.0-1ubuntu1~22.04) 11.4.0
Copyright (C) 2021 Free Software Foundation, Inc.
This is free software; see the source for copying conditions.  There is NO
warranty; not even for MERCHANTABILITY or FITNESS FOR A PARTICULAR PURPOSE.

configure:4141: $? = 0
configure:4130: gcc -v >&5
Using built-in specs.
COLLECT_GCC=gcc
COLLECT_LTO_WRAPPER=/usr/lib/gcc/x86_64-linux-gnu/11/lto-wrapper
OFFLOAD_TARGET_NAMES=nvptx-none:amdgcn-amdhsa
OFFLOAD_TARGET_DEFAULT=1
Target: x86_64-linux-gnu
Configured with: ../src/configure -v --with-pkgversion='Ubuntu 11.4.0-1ubuntu1~22.04' --with-bugurl=file:///usr/share/doc/gcc-11/README.Bugs --enable-languages=c,ada,c++,go,brig,d,fortran,objc,obj-c++,m2 --prefix=/usr --with-gcc-major-version-only --program-suffix=-11 --program-prefix=x86_64-linux-gnu- --enable-shared --enable-linker-build-id --libexecdir=/usr/lib --without-included-gettext --enable-threads=posix --libdir=/usr/lib --enable-nls --enable-bootstrap --enable-clocale=gnu --enable-libstdcxx-debug --enable-libstdcxx-time=yes --with-default-libstdcxx-abi=new --enable-gnu-unique-object --disable-vtable-verify --enable-plugin --enable-default-pie --with-system-zlib --enable-libphobos-checking=release --with-target-system-zlib=auto --enable-objc-gc=auto --enable-multiarch --disable-werror --enable-cet --with-arch-32=i686 --with-abi=m64 --with-multilib-list=m32,m64,mx32 --enable-multilib --with-tune=generic --enable-offload-targets=nvptx-none=/build/gcc-11-XeT9lY/gcc-11-11.4.0/debian/tmp-nvptx/usr,amdgcn-amdhsa=/build/gcc-11-XeT9lY/gcc-11-11.4.0/debian/tmp-gcn/usr --without-cuda-driver --enable-checking=release --build=x86_64-linux-gnu --host=x86_64-linux-gnu --target=x86_64-linux-gnu --with-build-config=bootstrap-lto-lean --enable-link-serialization=2
Thread model: posix
Supported LTO compression algorithms: zlib zstd
gcc version 11.4.0 (Ubuntu 11.4.0-1ubuntu1~22.04) 
... rest of stderr output deleted ...
configure:4141: $? = 0
configure:4130: gcc -V >&5
gcc: error: unrecognized command-line option '-V'
gcc: fatal error: no input files
compilation terminated.
configure:4141: $? = 1
configure:4130: gcc -qversion >&5
gcc: error: unrecognized command-line option '-qversion'; did you mean '--version'?
gcc: fatal error: no input files
compilation terminated.
configure:4141: $? = 1
configure:4130: gcc -version >&5
gcc: error: unrecognized command-line option '-version'
gcc: fatal error: no input files
compilation terminated.
configure:4141: $? = 1
configure:4161: checking whether the C compiler works
configure:4183: gcc  -O2  -O2  conftest.c  >&5
configure:4187: $? = 0
configure:4237: result: yes
configure:4240: checking for C compiler default output file name
configure:4242: result: a.out
configure:4248: checking for suffix of executables
configure:4255: gcc -o conftest  -O2  -O2  conftest.c  >&5
configure:4259: $? = 0
configure:4282: result: 
configure:4304: checking whether we are cross compiling
configure:4312: gcc -o conftest  -O2  -O2  conftest.c  >&5
configure:4316: $? = 0
configure:4323: ./conftest
configure:4327: $? = 0
configure:4342: result: no
configure:4347: checking for suffix of object files
configure:4370: gcc -c  -O2  -O2 conftest.c >&5
configure:4374: $? = 0
configure:4396: result: o
configure:4400: checking whether the compiler supports GNU C
configure:4420: gcc -c  -O2  -O2 conftest.c >&5
configure:4420: $? = 0
configure:4430: result: yes
configure:4441: checking whether gcc accepts -g
configure:4462: gcc -c -g  -O2 conftest.c >&5
configure:4462: $? = 0
configure:4506: result: yes
configure:4526: checking for gcc option to enable C11 features
configure:4541: gcc  -c  -O2  -O2 conftest.c >&5
configure:4541: $? = 0
configure:4559: result: none needed
configure:4675: checking whether gcc understands -c and -o together
configure:4698: gcc -c conftest.c -o conftest2.o
configure:4701: $? = 0
configure:4698: gcc -c conftest.c -o conftest2.o
configure:4701: $? = 0
configure:4713: result: yes
configure:4733: checking whether make supports the include directive
configure:4748: make -f confmf.GNU && cat confinc.out
this is the am__doit target
configure:4751: $? = 0
configure:4770: result: yes (GNU style)
configure:4796: checking dependency style of gcc
configure:4908: result: gcc3
configure:4993: checking for g++
configure:5014: found /usr/bin/g++
configure:5025: result: g++
configure:5052: checking for C++ compiler version
configure:5061: g++ --version >&5
g++ (Ubuntu 11.4.0-1ubuntu1~22.04) 11.4.0
Copyright (C) 2021 Free Software Foundation, Inc.
This is free software; see the source for copying conditions.  There is NO
warranty; not even for MERCHANTABILITY or FITNESS FOR A PARTICULAR PURPOSE.

configure:5072: $? = 0
configure:5061: g++ -v >&5
Using built-in specs.
COLLECT_GCC=g++
COLLECT_LTO_WRAPPER=/usr/lib/gcc/x86_64-linux-gnu/11/lto-wrapper
OFFLOAD_TARGET_NAMES=nvptx-none:amdgcn-amdhsa
OFFLOAD_TARGET_DEFAULT=1
Target: x86_64-linux-gnu
Configured with: ../src/configure -v --with-pkgversion='Ubuntu 11.4.0-1ubuntu1~22.04' --with-bugurl=file:///usr/share/doc/gcc-11/README.Bugs --enable-languages=c,ada,c++,go,brig,d,fortran,objc,obj-c++,m2 --prefix=/usr --with-gcc-major-version-only --program-suffix=-11 --program-prefix=x86_64-linux-gnu- --enable-shared --enable-linker-build-id --libexecdir=/usr/lib --without-included-gettext --enable-threads=posix --libdir=/usr/lib --enable-nls --enable-bootstrap --enable-clocale=gnu --enable-libstdcxx-debug --enable-libstdcxx-time=yes --with-default-libstdcxx-abi=new --enable-gnu-unique-object --disable-vtable-verify --enable-plugin --enable-default-pie --with-system-zlib --enable-libphobos-checking=release --with-target-system-zlib=auto --enable-objc-gc=auto --enable-multiarch --disable-werror --enable-cet --with-arch-32=i686 --with-abi=m64 --with-multilib-list=m32,m64,mx32 --enable-multilib --with-tune=generic --enable-offload-targets=nvptx-none=/build/gcc-11-XeT9lY/gcc-11-11.4.0/debian/tmp-nvptx/usr,amdgcn-amdhsa=/build/gcc-11-XeT9lY/gcc-11-11.4.0/debian/tmp-gcn/usr --without-cuda-driver --enable-checking=release --build=x86_64-linux-gnu --host=x86_64-linux-gnu --target=x86_64-linux-gnu --with-build-config=bootstrap-lto-lean --enable-link-serialization=2
Thread model: posix
Supported LTO compression algorithms: zlib zstd
gcc version 11.4.0 (Ubuntu 11.4.0-1ubuntu1~22.04) 
... rest of stderr output deleted ...
configure:5072: $? = 0
configure:5061: g++ -V >&5
g++: error: unrecognized command-line option '-V'
g++: fatal error: no input files
compilation terminated.
configure:5072: $? = 1
configure:5061: g++ -qversion >&5
g++: error: unrecognized command-line option '-qversion'; did you mean '--version'?
g++: fatal error: no input files
compilation terminated.
configure:5072: $? = 1
configure:5076: checking whether the compiler supports GNU C++
configure:5096: g++ -c   -O2 conftest.cpp >&5
configure:5096: $? = 0
configure:5106: result: yes
configure:5117: checking whether g++ accepts -g
configure:5138: g++ -c -g  -O2 conftest.cpp >&5
configure:5138: $? = 0
configure:5182: result: yes
configure:5202: checking for g++ option to enable C++11 features
configure:5217: g++  -c -g -O2  -O2 conftest.cpp >&5
conftest.cpp: In function 'int main(int, char**)':
conftest.cpp:177:25: warning: empty parentheses were disambiguated as a function declaration [-Wvexing-parse]
  177 |   cxx11test::delegate d2();
      |                         ^~
conftest.cpp:177:25: note: remove parentheses to default-initialize a variable
  177 |   cxx11test::delegate d2();
      |                         ^~
      |                         --
conftest.cpp:177:25: note: or replace parentheses with braces to value-initialize a variable
configure:5217: $? = 0
configure:5235: result: none needed
configure:5301: checking dependency style of g++
configure:5413: result: gcc3
configure:5460: checking build system type
configure:5475: result: x86_64-pc-linux-gnu
configure:5495: checking host system type
configure:5509: result: x86_64-pc-linux-gnu
configure:5550: checking how to print strings
configure:5577: result: printf
configure:5598: checking for a sed that does not truncate output
configure:5668: result: /usr/bin/sed
configure:5686: checking for grep that handles long lines and -e
configure:5750: result: /usr/bin/grep
configure:5755: checking for egrep
configure:5823: result: /usr/bin/grep -E
configure:5828: checking for fgrep
configure:5896: result: /usr/bin/grep -F
configure:5932: checking for ld used by gcc
configure:6000: result: /usr/bin/ld
configure:6007: checking if the linker (/usr/bin/ld) is GNU ld
configure:6023: result: yes
configure:6035: checking for BSD- or MS-compatible name lister (nm)
configure:6090: result: /usr/bin/nm -B
configure:6230: checking the name lister (/usr/bin/nm -B) interface
configure:6238: gcc -c  -O2  -O2 conftest.c >&5
configure:6241: /usr/bin/nm -B "conftest.o"
configure:6244: output
0000000000000000 B some_variable
configure:6251: result: BSD nm
configure:6254: checking whether ln -s works
configure:6258: result: yes
configure:6266: checking the maximum length of command line arguments
configure:6398: result: 1572864
configure:6446: checking how to convert x86_64-pc-linux-gnu file names to x86_64-pc-linux-gnu format
configure:6487: result: func_convert_file_noop
configure:6494: checking how to convert x86_64-pc-linux-gnu file names to toolchain format
configure:6515: result: func_convert_file_noop
configure:6522: checking for /usr/bin/ld option to reload object files
configure:6530: result: -r
configure:6609: checking for file
configure:6630: found /usr/bin/file
configure:6641: result: file
configure:6717: checking for objdump
configure:6738: found /usr/bin/objdump
configure:6749: result: objdump
configure:6781: checking how to recognize dependent libraries
configure:6982: result: pass_all
configure:7072: checking for dlltool
configure:7107: result: no
configure:7137: checking how to associate runtime and link libraries
configure:7165: result: printf %s\n
configure:7231: checking for ar
configure:7252: found /usr/bin/ar
configure:7263: result: ar
configure:7316: checking for archiver @FILE support
configure:7334: gcc -c  -O2  -O2 conftest.c >&5
configure:7334: $? = 0
configure:7338: ar cr libconftest.a @conftest.lst >&5
configure:7341: $? = 0
configure:7346: ar cr libconftest.a @conftest.lst >&5
ar: conftest.o: No such file or directory
configure:7349: $? = 1
configure:7361: result: @
configure:7424: checking for strip
configure:7445: found /usr/bin/strip
configure:7456: result: strip
configure:7533: checking for ranlib
configure:7554: found /usr/bin/ranlib
configure:7565: result: ranlib
configure:7667: checking command to parse /usr/bin/nm -B output from gcc object
configure:7821: gcc -c  -O2  -O2 conftest.c >&5
configure:7824: $? = 0
configure:7828: /usr/bin/nm -B conftest.o | /usr/bin/sed -n -e 's/^.*[	 ]\([ABCDGIRSTW][ABCDGIRSTW]*\)[	 ][	 ]*\([_A-Za-z][_A-Za-z0-9]*\)$/\1 \2 \2/p' | /usr/bin/sed '/ __gnu_lto/d' > conftest.nm
configure:7894: gcc -o conftest  -O2  -O2  conftest.c conftstm.o >&5
configure:7897: $? = 0
configure:7935: result: ok
configure:7982: checking for sysroot
configure:8013: result: no
configure:8020: checking for a working dd
configure:8064: result: /usr/bin/dd
configure:8068: checking how to truncate binary pipes
configure:8084: result: /usr/bin/dd bs=4096 count=1
configure:8221: gcc -c  -O2  -O2 conftest.c >&5
configure:8224: $? = 0
configure:8421: checking for mt
configure:8442: found /usr/bin/mt
configure:8453: result: mt
configure:8476: checking if mt is a manifest tool
configure:8483: mt '-?'
configure:8491: result: no
configure:9216: checking for stdio.h
configure:9216: gcc -c  -O2  -O2 conftest.c >&5
configure:9216: $? = 0
configure:9216: result: yes
configure:9216: checking for stdlib.h
configure:9216: gcc -c  -O2  -O2 conftest.c >&5
configure:9216: $? = 0
configure:9216: result: yes
configure:9216: checking for string.h
configure:9216: gcc -c  -O2  -O2 conftest.c >&5
configure:9216: $? = 0
configure:9216: result: yes
configure:9216: checking for inttypes.h
configure:9216: gcc -c  -O2  -O2 conftest.c >&5
configure:9216: $? = 0
configure:9216: result: yes
configure:9216: checking for stdint.h
configure:9216: gcc -c  -O2  -O2 conftest.c >&5
configure:9216: $? = 0
configure:9216: result: yes
configure:9216: checking for strings.h
configure:9216: gcc -c  -O2  -O2 conftest.c >&5
configure:9216: $? = 0
configure:9216: result: yes
configure:9216: checking for sys/stat.h
configure:9216: gcc -c  -O2  -O2 conftest.c >&5
configure:9216: $? = 0
configure:9216: result: yes
configure:9216: checking for sys/types.h
configure:9216: gcc -c  -O2  -O2 conftest.c >&5
configure:9216: $? = 0
configure:9216: result: yes
configure:9216: checking for unistd.h
configure:9216: gcc -c  -O2  -O2 conftest.c >&5
configure:9216: $? = 0
configure:9216: result: yes
configure:9241: checking for dlfcn.h
configure:9241: gcc -c  -O2  -O2 conftest.c >&5
configure:9241: $? = 0
configure:9241: result: yes
configure:9511: checking for objdir
configure:9527: result: .libs
configure:9791: checking if gcc supports -fno-rtti -fno-exceptions
configure:9810: gcc -c  -O2  -O2 -fno-rtti -fno-exceptions conftest.c >&5
cc1: warning: command-line option '-fno-rtti' is valid for C++/D/ObjC++ but not for C
configure:9814: $? = 0
configure:9827: result: no
configure:10191: checking for gcc option to produce PIC
configure:10199: result: -fPIC -DPIC
configure:10207: checking if gcc PIC flag -fPIC -DPIC works
configure:10226: gcc -c  -O2  -O2 -fPIC -DPIC -DPIC conftest.c >&5
configure:10230: $? = 0
configure:10243: result: yes
configure:10272: checking if gcc static flag -static works
configure:10301: result: yes
configure:10316: checking if gcc supports -c -o file.o
configure:10338: gcc -c  -O2  -O2 -o out/conftest2.o conftest.c >&5
configure:10342: $? = 0
configure:10364: result: yes
configure:10372: checking if gcc supports -c -o file.o
configure:10420: result: yes
configure:10453: checking whether the gcc linker (/usr/bin/ld -m elf_x86_64) supports shared libraries
configure:11727: result: yes
configure:11764: checking whether -lc should be explicitly linked in
configure:11773: gcc -c  -O2  -O2 conftest.c >&5
configure:11776: $? = 0
configure:11791: gcc -shared  -fPIC -DPIC conftest.o  -v -Wl,-soname -Wl,conftest -o conftest 2\>\&1 \| /usr/bin/grep  -lc  \>/dev/null 2\>\&1
configure:11794: $? = 0
configure:11808: result: no
configure:11968: checking dynamic linker characteristics
configure:12550: gcc -o conftest  -O2  -O2  -Wl,-rpath -Wl,/foo conftest.c  >&5
configure:12550: $? = 0
configure:12801: result: GNU/Linux ld.so
configure:12923: checking how to hardcode library paths into programs
configure:12948: result: immediate
configure:13500: checking whether stripping libraries is possible
configure:13509: result: yes
configure:13551: checking if libtool supports shared libraries
configure:13553: result: yes
configure:13556: checking whether to build shared libraries
configure:13581: result: yes
configure:13584: checking whether to build static libraries
configure:13588: result: yes
configure:13611: checking how to run the C++ preprocessor
configure:13633: g++ -E  -O2 conftest.cpp
configure:13633: $? = 0
configure:13648: g++ -E  -O2 conftest.cpp
conftest.cpp:23:10: fatal error: ac_nonexistent.h: No such file or directory
   23 | #include <ac_nonexistent.h>
      |          ^~~~~~~~~~~~~~~~~~
compilation terminated.
configure:13648: $? = 1
configure: failed program was:
| /* confdefs.h */
| #define PACKAGE_NAME "LibHTP"
| #define PACKAGE_TARNAME "libhtp"
| #define PACKAGE_VERSION "0.5.45"
| #define PACKAGE_STRING "LibHTP 0.5.45"
| #define PACKAGE_BUGREPORT ""
| #define PACKAGE_URL ""
| #define PACKAGE "libhtp"
| #define VERSION "0.5.45"
| #define HAVE_STDIO_H 1
| #define HAVE_STDLIB_H 1
| #define HAVE_STRING_H 1
| #define HAVE_INTTYPES_H 1
| #define HAVE_STDINT_H 1
| #define HAVE_STRINGS_H 1
| #define HAVE_SYS_STAT_H 1
| #define HAVE_SYS_TYPES_H 1
| #define HAVE_UNISTD_H 1
| #define STDC_HEADERS 1
| #define HAVE_DLFCN_H 1
| #define LT_OBJDIR ".libs/"
| /* end confdefs.h.  */
| #include <ac_nonexistent.h>
configure:13675: result: g++ -E
configure:13689: g++ -E  -O2 conftest.cpp
configure:13689: $? = 0
configure:13704: g++ -E  -O2 conftest.cpp
conftest.cpp:23:10: fatal error: ac_nonexistent.h: No such file or directory
   23 | #include <ac_nonexistent.h>
      |          ^~~~~~~~~~~~~~~~~~
compilation terminated.
configure:13704: $? = 1
configure: failed program was:
| /* confdefs.h */
| #define PACKAGE_NAME "LibHTP"
| #define PACKAGE_TARNAME "libhtp"
| #define PACKAGE_VERSION "0.5.45"
| #define PACKAGE_STRING "LibHTP 0.5.45"
| #define PACKAGE_BUGREPORT ""
| #define PACKAGE_URL ""
| #define PACKAGE "libhtp"
| #define VERSION "0.5.45"
| #define HAVE_STDIO_H 1
| #define HAVE_STDLIB_H 1
| #define HAVE_STRING_H 1
| #define HAVE_INTTYPES_H 1
| #define HAVE_STDINT_H 1
| #define HAVE_STRINGS_H 1
| #define HAVE_SYS_STAT_H 1
| #define HAVE_SYS_TYPES_H 1
| #define HAVE_UNISTD_H 1
| #define STDC_HEADERS 1
| #define HAVE_DLFCN_H 1
| #define LT_OBJDIR ".libs/"
| /* end confdefs.h.  */
| #include <ac_nonexistent.h>
configure:13869: checking for ld used by g++
configure:13937: result: /usr/bin/ld -m elf_x86_64
configure:13944: checking if the linker (/usr/bin/ld -m elf_x86_64) is GNU ld
configure:13960: result: yes
configure:14015: checking whether the g++ linker (/usr/bin/ld -m elf_x86_64) supports shared libraries
configure:15093: result: yes
configure:15129: g++ -c -g -O2  -O2 conftest.cpp >&5
configure:15132: $? = 0
configure:15613: checking for g++ option to produce PIC
configure:15621: result: -fPIC -DPIC
configure:15629: checking if g++ PIC flag -fPIC -DPIC works
configure:15648: g++ -c -g -O2  -O2 -fPIC -DPIC -DPIC conftest.cpp >&5
configure:15652: $? = 0
configure:15665: result: yes
configure:15688: checking if g++ static flag -static works
configure:15717: result: yes
configure:15729: checking if g++ supports -c -o file.o
configure:15751: g++ -c -g -O2  -O2 -o out/conftest2.o conftest.cpp >&5
configure:15755: $? = 0
configure:15777: result: yes
configure:15782: checking if g++ supports -c -o file.o
configure:15830: result: yes
configure:15860: checking whether the g++ linker (/usr/bin/ld -m elf_x86_64) supports shared libraries
configure:15903: result: yes
configure:16045: checking dynamic linker characteristics
configure:16805: result: GNU/Linux ld.so
configure:16870: checking how to hardcode library paths into programs
configure:16895: result: immediate
configure:16956: checking whether build environment is sane
configure:17011: result: yes
configure:17028: checking for strlcpy
configure:17028: gcc -o conftest   -O2  conftest.c  >&5
/usr/bin/ld: /tmp/ccjoiIgR.o: in function `main':
conftest.c:(.text.startup+0xb): undefined reference to `strlcpy'
collect2: error: ld returned 1 exit status
configure:17028: $? = 1
configure: failed program was:
| /* confdefs.h */
| #define PACKAGE_NAME "LibHTP"
| #define PACKAGE_TARNAME "libhtp"
| #define PACKAGE_VERSION "0.5.45"
| #define PACKAGE_STRING "LibHTP 0.5.45"
| #define PACKAGE_BUGREPORT ""
| #define PACKAGE_URL ""
| #define PACKAGE "libhtp"
| #define VERSION "0.5.45"
| #define HAVE_STDIO_H 1
| #define HAVE_STDLIB_H 1
| #define HAVE_STRING_H 1
| #define HAVE_INTTYPES_H 1
| #define HAVE_STDINT_H 1
| #define HAVE_STRINGS_H 1
| #define HAVE_SYS_STAT_H 1
| #define HAVE_SYS_TYPES_H 1
| #define HAVE_UNISTD_H 1
| #define STDC_HEADERS 1
| #define HAVE_DLFCN_H 1
| #define LT_OBJDIR ".libs/"
| /* end confdefs.h.  */
| /* Define strlcpy to an innocuous variant, in case <limits.h> declares strlcpy.
|    For example, HP-UX 11i <limits.h> declares gettimeofday.  */
| #define strlcpy innocuous_strlcpy
| 
| /* System header to define __stub macros and hopefully few prototypes,
|    which can conflict with char strlcpy (); below.  */
| 
| #include <limits.h>
| #undef strlcpy
| 
| /* Override any GCC internal prototype to avoid an error.
|    Use char because int might match the return type of a GCC
|    builtin and then its argument prototype would still apply.  */
| #ifdef __cplusplus
| extern "C"
| #endif
| char strlcpy ();
| /* The GNU C library defines this for functions which it implements
|     to always fail with ENOSYS.  Some functions are actually named
|     something starting with __ and the normal name is an alias.  */
| #if defined __stub_strlcpy || defined __stub___strlcpy
| choke me
| #endif
| 
| int
| main (void)
| {
| return strlcpy ();
|   ;
|   return 0;
| }
configure:17028: result: no
configure:17034: checking for strlcat
configure:17034: gcc -o conftest   -O2  conftest.c  >&5
/usr/bin/ld: /tmp/ccXH30HQ.o: in function `main':
conftest.c:(.text.startup+0xb): undefined reference to `strlcat'
collect2: error: ld returned 1 exit status
configure:17034: $? = 1
configure: failed program was:
| /* confdefs.h */
| #define PACKAGE_NAME "LibHTP"
| #define PACKAGE_TARNAME "libhtp"
| #define PACKAGE_VERSION "0.5.45"
| #define PACKAGE_STRING "LibHTP 0.5.45"
| #define PACKAGE_BUGREPORT ""
| #define PACKAGE_URL ""
| #define PACKAGE "libhtp"
| #define VERSION "0.5.45"
| #define HAVE_STDIO_H 1
| #define HAVE_STDLIB_H 1
| #define HAVE_STRING_H 1
| #define HAVE_INTTYPES_H 1
| #define HAVE_STDINT_H 1
| #define HAVE_STRINGS_H 1
| #define HAVE_SYS_STAT_H 1
| #define HAVE_SYS_TYPES_H 1
| #define HAVE_UNISTD_H 1
| #define STDC_HEADERS 1
| #define HAVE_DLFCN_H 1
| #define LT_OBJDIR ".libs/"
| /* end confdefs.h.  */
| /* Define strlcat to an innocuous variant, in case <limits.h> declares strlcat.
|    For example, HP-UX 11i <limits.h> declares gettimeofday.  */
| #define strlcat innocuous_strlcat
| 
| /* System header to define __stub macros and hopefully few prototypes,
|    which can conflict with char strlcat (); below.  */
| 
| #include <limits.h>
| #undef strlcat
| 
| /* Override any GCC internal prototype to avoid an error.
|    Use char because int might match the return type of a GCC
|    builtin and then its argument prototype would still apply.  */
| #ifdef __cplusplus
| extern "C"
| #endif
| char strlcat ();
| /* The GNU C library defines this for functions which it implements
|     to always fail with ENOSYS.  Some functions are actually named
|     something starting with __ and the normal name is an alias.  */
| #if defined __stub_strlcat || defined __stub___strlcat
| choke me
| #endif
| 
| int
| main (void)
| {
| return strlcat ();
|   ;
|   return 0;
| }
configure:17034: result: no
configure:17043: checking for zlib.h
configure:17043: gcc -c  -O2  -O2 conftest.c >&5
configure:17043: $? = 0
configure:17043: result: yes
configure:17052: checking for inflate in -lz
configure:17075: gcc -o conftest  -O2  -O2  conftest.c -lz   >&5
configure:17075: $? = 0
configure:17085: result: yes
configure:17105: checking OS
configure:17142: result: Linux
configure:17242: checking for ld used by GCC
configure:17307: result: /usr/bin/ld -m elf_x86_64
configure:17314: checking if the linker (/usr/bin/ld -m elf_x86_64) is GNU ld
configure:17328: result: yes
configure:17336: checking for shared library run path origin
configure:17350: result: done
configure:17375: checking how to run the C preprocessor
configure:17401: gcc -E  -O2 conftest.c
configure:17401: $? = 0
configure:17416: gcc -E  -O2 conftest.c
conftest.c:24:10: fatal error: ac_nonexistent.h: No such file or directory
   24 | #include <ac_nonexistent.h>
      |          ^~~~~~~~~~~~~~~~~~
compilation terminated.
configure:17416: $? = 1
configure: failed program was:
| /* confdefs.h */
| #define PACKAGE_NAME "LibHTP"
| #define PACKAGE_TARNAME "libhtp"
| #define PACKAGE_VERSION "0.5.45"
| #define PACKAGE_STRING "LibHTP 0.5.45"
| #define PACKAGE_BUGREPORT ""
| #define PACKAGE_URL ""
| #define PACKAGE "libhtp"
| #define VERSION "0.5.45"
| #define HAVE_STDIO_H 1
| #define HAVE_STDLIB_H 1
| #define HAVE_STRING_H 1
| #define HAVE_INTTYPES_H 1
| #define HAVE_STDINT_H 1
| #define HAVE_STRINGS_H 1
| #define HAVE_SYS_STAT_H 1
| #define HAVE_SYS_TYPES_H 1
| #define HAVE_UNISTD_H 1
| #define STDC_HEADERS 1
| #define HAVE_DLFCN_H 1
| #define LT_OBJDIR ".libs/"
| #define HAVE_LIBZ 1
| /* end confdefs.h.  */
| #include <ac_nonexistent.h>
configure:17443: result: gcc -E
configure:17457: gcc -E  -O2 conftest.c
configure:17457: $? = 0
configure:17472: gcc -E  -O2 conftest.c
conftest.c:24:10: fatal error: ac_nonexistent.h: No such file or directory
   24 | #include <ac_nonexistent.h>
      |          ^~~~~~~~~~~~~~~~~~
compilation terminated.
configure:17472: $? = 1
configure: failed program was:
| /* confdefs.h */
| #define PACKAGE_NAME "LibHTP"
| #define PACKAGE_TARNAME "libhtp"
| #define PACKAGE_VERSION "0.5.45"
| #define PACKAGE_STRING "LibHTP 0.5.45"
| #define PACKAGE_BUGREPORT ""
| #define PACKAGE_URL ""
| #define PACKAGE "libhtp"
| #define VERSION "0.5.45"
| #define HAVE_STDIO_H 1
| #define HAVE_STDLIB_H 1
| #define HAVE_STRING_H 1
| #define HAVE_INTTYPES_H 1
| #define HAVE_STDINT_H 1
| #define HAVE_STRINGS_H 1
| #define HAVE_SYS_STAT_H 1
| #define HAVE_SYS_TYPES_H 1
| #define HAVE_UNISTD_H 1
| #define STDC_HEADERS 1
| #define HAVE_DLFCN_H 1
| #define LT_OBJDIR ".libs/"
| #define HAVE_LIBZ 1
| /* end confdefs.h.  */
| #include <ac_nonexistent.h>
configure:18065: checking for iconv
configure:18088: gcc -o conftest  -O2  -O2  conftest.c -lz  >&5
configure:18088: $? = 0
configure:18122: result: yes
configure:18125: checking for working iconv
configure:18222: gcc -o conftest  -O2  -O2  conftest.c -lz  >&5
configure:18222: $? = 0
configure:18222: ./conftest
configure:18222: $? = 0
configure:18235: result: yes
configure:18263: checking for iconv declaration
configure:18293: gcc -c  -O2  -O2 conftest.c >&5
configure:18293: $? = 0
configure:18304: result:
         extern size_t iconv (iconv_t cd, char * *inbuf, size_t *inbytesleft, char * *outbuf, size_t *outbytesleft);
configure:18323: checking for iconvctl
configure:18343: gcc -o conftest  -O2  -O2  conftest.c -lz   >&5
conftest.c: In function 'main':
conftest.c:33:14: warning: implicit declaration of function 'iconvctl'; did you mean 'iconv'? [-Wimplicit-function-declaration]
   33 |              iconvctl(cd, ICONV_SET_DISCARD_ILSEQ, &iconv_param);
      |              ^~~~~~~~
      |              iconv
conftest.c:33:27: error: 'ICONV_SET_DISCARD_ILSEQ' undeclared (first use in this function)
   33 |              iconvctl(cd, ICONV_SET_DISCARD_ILSEQ, &iconv_param);
      |                           ^~~~~~~~~~~~~~~~~~~~~~~
conftest.c:33:27: note: each undeclared identifier is reported only once for each function it appears in
configure:18343: $? = 1
configure: failed program was:
| /* confdefs.h */
| #define PACKAGE_NAME "LibHTP"
| #define PACKAGE_TARNAME "libhtp"
| #define PACKAGE_VERSION "0.5.45"
| #define PACKAGE_STRING "LibHTP 0.5.45"
| #define PACKAGE_BUGREPORT ""
| #define PACKAGE_URL ""
| #define PACKAGE "libhtp"
| #define VERSION "0.5.45"
| #define HAVE_STDIO_H 1
| #define HAVE_STDLIB_H 1
| #define HAVE_STRING_H 1
| #define HAVE_INTTYPES_H 1
| #define HAVE_STDINT_H 1
| #define HAVE_STRINGS_H 1
| #define HAVE_SYS_STAT_H 1
| #define HAVE_SYS_TYPES_H 1
| #define HAVE_UNISTD_H 1
| #define STDC_HEADERS 1
| #define HAVE_DLFCN_H 1
| #define LT_OBJDIR ".libs/"
| #define HAVE_LIBZ 1
| #define HAVE_ICONV 1
| #define ICONV_CONST 
| /* end confdefs.h.  */
| #include <stdlib.h>
|              #include <iconv.h>
| int
| main (void)
| {
| int iconv_param = 0;
|              iconv_t cd = iconv_open("","");
|              iconvctl(cd, ICONV_SET_DISCARD_ILSEQ, &iconv_param);
|              iconv_close(cd);
|   ;
|   return 0;
| }
configure:18349: result: 
configure:18359: checking for gcc support of -Wstrict-overflow=1
configure:18374: gcc -c  -O2 -Wstrict-overflow=1  -O2 conftest.c >&5
configure:18374: $? = 0
configure:18381: result: yes
configure:18388: checking for gcc support of stack smashing protection
configure:18403: gcc -c  -O2 -Wstrict-overflow=1 -fstack-protector  -O2 conftest.c >&5
configure:18403: $? = 0
configure:18410: result: yes
configure:18417: checking for gcc support of FORTIFY_SOURCE
configure:18432: gcc -c  -O2 -Wstrict-overflow=1 -fstack-protector -D_FORTIFY_SOURCE=2  -O2 conftest.c >&5
configure:18432: $? = 0
configure:18439: result: yes
configure:18445: checking for gcc support of -Wformat -Wformat-security
configure:18460: gcc -c  -O2 -Wstrict-overflow=1 -fstack-protector -D_FORTIFY_SOURCE=2 -Wformat -Wformat-security  -O2 conftest.c >&5
configure:18460: $? = 0
configure:18467: result: yes
configure:18473: checking for gcc support of -fPIC
configure:18488: gcc -c  -O2 -Wstrict-overflow=1 -fstack-protector -D_FORTIFY_SOURCE=2 -Wformat -Wformat-security -fPIC  -O2 conftest.c >&5
configure:18488: $? = 0
configure:18495: result: yes
configure:18519: checking for doxygen
configure:18557: result: no
configure:18572: checking for lcov
configure:18608: result: no
configure:18724: checking that generated files are newer than configure
configure:18730: result: done
configure:18752: checking that generated files are newer than configure
configure:18758: result: done
configure:18769: creating ./config.status

## ---------------------- ##
## Running config.status. ##
## ---------------------- ##

This file was extended by LibHTP config.status 0.5.45, which was
generated by GNU Autoconf 2.71.  Invocation command line was

  CONFIG_FILES    = 
  CONFIG_HEADERS  = 
  CONFIG_LINKS    = 
  CONFIG_COMMANDS = 
  $ ./config.status 

on suri

config.status:1166: creating htp/htp_version.h
config.status:1166: creating Makefile
config.status:1166: creating htp.pc
config.status:1166: creating htp/Makefile
config.status:1166: creating htp/lzma/Makefile
config.status:1166: creating test/Makefile
config.status:1166: creating docs/Makefile
config.status:1166: creating htp_config_auto_gen.h
config.status:1347: htp_config_auto_gen.h is unchanged
config.status:1395: executing depfiles commands
config.status:1472: cd htp       && sed -e '/# am--include-marker/d' Makefile         | make -f - am--depfiles
make: Nothing to be done for 'am--depfiles'.
config.status:1477: $? = 0
config.status:1472: cd htp/lzma       && sed -e '/# am--include-marker/d' Makefile         | make -f - am--depfiles
make: Nothing to be done for 'am--depfiles'.
config.status:1477: $? = 0
config.status:1472: cd test       && sed -e '/# am--include-marker/d' Makefile         | make -f - am--depfiles
make: Nothing to be done for 'am--depfiles'.
config.status:1477: $? = 0
config.status:1395: executing libtool commands

## ---------------- ##
## Cache variables. ##
## ---------------- ##

ac_cv_build=x86_64-pc-linux-gnu
ac_cv_c_compiler_gnu=yes
ac_cv_cxx_compiler_gnu=yes
ac_cv_env_CCC_set=
ac_cv_env_CCC_value=
ac_cv_env_CC_set=
ac_cv_env_CC_value=
ac_cv_env_CFLAGS_set=
ac_cv_env_CFLAGS_value=
ac_cv_env_CPPFLAGS_set=
ac_cv_env_CPPFLAGS_value=
ac_cv_env_CPP_set=
ac_cv_env_CPP_value=
ac_cv_env_CXXCPP_set=
ac_cv_env_CXXCPP_value=
ac_cv_env_CXXFLAGS_set=
ac_cv_env_CXXFLAGS_value=
ac_cv_env_CXX_set=
ac_cv_env_CXX_value=
ac_cv_env_LDFLAGS_set=
ac_cv_env_LDFLAGS_value=
ac_cv_env_LIBS_set=
ac_cv_env_LIBS_value=
ac_cv_env_LT_SYS_LIBRARY_PATH_set=
ac_cv_env_LT_SYS_LIBRARY_PATH_value=
ac_cv_env_build_alias_set=
ac_cv_env_build_alias_value=
ac_cv_env_host_alias_set=
ac_cv_env_host_alias_value=
ac_cv_env_target_alias_set=
ac_cv_env_target_alias_value=
ac_cv_func_strlcat=no
ac_cv_func_strlcpy=no
ac_cv_header_dlfcn_h=yes
ac_cv_header_inttypes_h=yes
ac_cv_header_stdint_h=yes
ac_cv_header_stdio_h=yes
ac_cv_header_stdlib_h=yes
ac_cv_header_string_h=yes
ac_cv_header_strings_h=yes
ac_cv_header_sys_stat_h=yes
ac_cv_header_sys_types_h=yes
ac_cv_header_unistd_h=yes
ac_cv_header_zlib_h=yes
ac_cv_host=x86_64-pc-linux-gnu
ac_cv_lib_z_inflate=yes
ac_cv_objext=o
ac_cv_path_EGREP='/usr/bin/grep -E'
ac_cv_path_FGREP='/usr/bin/grep -F'
ac_cv_path_GREP=/usr/bin/grep
ac_cv_path_LCOV=no
ac_cv_path_SED=/usr/bin/sed
ac_cv_path_install='/usr/bin/install -c'
ac_cv_path_lt_DD=/usr/bin/dd
ac_cv_path_mkdir=/usr/bin/mkdir
ac_cv_prog_AWK=gawk
ac_cv_prog_CPP='gcc -E'
ac_cv_prog_CXXCPP='g++ -E'
ac_cv_prog_ac_ct_AR=ar
ac_cv_prog_ac_ct_CC=gcc
ac_cv_prog_ac_ct_CXX=g++
ac_cv_prog_ac_ct_FILECMD=file
ac_cv_prog_ac_ct_MANIFEST_TOOL=mt
ac_cv_prog_ac_ct_OBJDUMP=objdump
ac_cv_prog_ac_ct_RANLIB=ranlib
ac_cv_prog_ac_ct_STRIP=strip
ac_cv_prog_cc_c11=
ac_cv_prog_cc_g=yes
ac_cv_prog_cc_stdc=
ac_cv_prog_cxx_11=no
ac_cv_prog_cxx_cxx11=
ac_cv_prog_cxx_g=yes
ac_cv_prog_cxx_stdcxx=
ac_cv_prog_make_make_set=yes
acl_cv_path_LD='/usr/bin/ld -m elf_x86_64'
acl_cv_prog_gnu_ld=yes
acl_cv_rpath=done
am_cv_CC_dependencies_compiler_type=gcc3
am_cv_CXX_dependencies_compiler_type=gcc3
am_cv_func_iconv=yes
am_cv_func_iconv_works=yes
am_cv_lib_iconv=no
am_cv_make_support_nested_variables=yes
am_cv_prog_cc_c_o=yes
am_cv_proto_iconv='extern size_t iconv (iconv_t cd, char * *inbuf, size_t *inbytesleft, char * *outbuf, size_t *outbytesleft);'
am_cv_proto_iconv_arg1=
lt_cv_ar_at_file=@
lt_cv_archive_cmds_need_lc=no
lt_cv_deplibs_check_method=pass_all
lt_cv_file_magic_cmd='$MAGIC_CMD'
lt_cv_file_magic_test_file=
lt_cv_ld_reload_flag=-r
lt_cv_nm_interface='BSD nm'
lt_cv_objdir=.libs
lt_cv_path_LD=/usr/bin/ld
lt_cv_path_LDCXX='/usr/bin/ld -m elf_x86_64'
lt_cv_path_NM='/usr/bin/nm -B'
lt_cv_path_mainfest_tool=no
lt_cv_prog_compiler_c_o=yes
lt_cv_prog_compiler_c_o_CXX=yes
lt_cv_prog_compiler_pic='-fPIC -DPIC'
lt_cv_prog_compiler_pic_CXX='-fPIC -DPIC'
lt_cv_prog_compiler_pic_works=yes
lt_cv_prog_compiler_pic_works_CXX=yes
lt_cv_prog_compiler_rtti_exceptions=no
lt_cv_prog_compiler_static_works=yes
lt_cv_prog_compiler_static_works_CXX=yes
lt_cv_prog_gnu_ld=yes
lt_cv_prog_gnu_ldcxx=yes
lt_cv_sharedlib_from_linklib_cmd='printf %s\n'
lt_cv_shlibpath_overrides_runpath=yes
lt_cv_sys_global_symbol_pipe='/usr/bin/sed -n -e '\''s/^.*[	 ]\([ABCDGIRSTW][ABCDGIRSTW]*\)[	 ][	 ]*\([_A-Za-z][_A-Za-z0-9]*\)$/\1 \2 \2/p'\'' | /usr/bin/sed '\''/ __gnu_lto/d'\'''
lt_cv_sys_global_symbol_to_c_name_address='/usr/bin/sed -n -e '\''s/^: \(.*\) .*$/  {"\1", (void *) 0},/p'\'' -e '\''s/^[ABCDGIRSTW][ABCDGIRSTW]* .* \(.*\)$/  {"\1", (void *) \&\1},/p'\'''
lt_cv_sys_global_symbol_to_c_name_address_lib_prefix='/usr/bin/sed -n -e '\''s/^: \(.*\) .*$/  {"\1", (void *) 0},/p'\'' -e '\''s/^[ABCDGIRSTW][ABCDGIRSTW]* .* \(lib.*\)$/  {"\1", (void *) \&\1},/p'\'' -e '\''s/^[ABCDGIRSTW][ABCDGIRSTW]* .* \(.*\)$/  {"lib\1", (void *) \&\1},/p'\'''
lt_cv_sys_global_symbol_to_cdecl='/usr/bin/sed -n -e '\''s/^T .* \(.*\)$/extern int \1();/p'\'' -e '\''s/^[ABCDGIRSTW][ABCDGIRSTW]* .* \(.*\)$/extern char \1;/p'\'''
lt_cv_sys_global_symbol_to_import=
lt_cv_sys_max_cmd_len=1572864
lt_cv_to_host_file_cmd=func_convert_file_noop
lt_cv_to_tool_file_cmd=func_convert_file_noop
lt_cv_truncate_bin='/usr/bin/dd bs=4096 count=1'

## ----------------- ##
## Output variables. ##
## ----------------- ##

ACLOCAL='${SHELL} '\''/home/suri/workspaces/data-diode/libhtp/missing'\'' aclocal-1.16'
AMDEPBACKSLASH='\'
AMDEP_FALSE='#'
AMDEP_TRUE=''
AMTAR='$${TAR-tar}'
AM_BACKSLASH='\'
AM_DEFAULT_V='$(AM_DEFAULT_VERBOSITY)'
AM_DEFAULT_VERBOSITY='1'
AM_V='$(V)'
AR='ar'
AUTOCONF='${SHELL} '\''/home/suri/workspaces/data-diode/libhtp/missing'\'' autoconf'
AUTOHEADER='${SHELL} '\''/home/suri/workspaces/data-diode/libhtp/missing'\'' autoheader'
AUTOMAKE='${SHELL} '\''/home/suri/workspaces/data-diode/libhtp/missing'\'' automake-1.16'
AWK='gawk'
CC='gcc'
CCDEPMODE='depmode=gcc3'
CFLAGS=' -O2 -Wstrict-overflow=1 -fstack-protector -D_FORTIFY_SOURCE=2 -Wformat -Wformat-security -fPIC'
CPP='gcc -E'
CPPFLAGS=' -O2'
CSCOPE='cscope'
CTAGS='ctags'
CXX='g++'
CXXCPP='g++ -E'
CXXDEPMODE='depmode=gcc3'
CXXFLAGS='-g -O2'
CYGPATH_W='echo'
CYGWIN_FALSE=''
CYGWIN_TRUE='#'
DEFS='-DHAVE_CONFIG_H'
DEPDIR='.deps'
DLLTOOL='false'
DOXYGEN=''
DSYMUTIL=''
DUMPBIN=''
ECHO_C=''
ECHO_N='-n'
ECHO_T=''
EGREP='/usr/bin/grep -E'
ETAGS='etags'
EXEEXT=''
FGREP='/usr/bin/grep -F'
FILECMD='file'
GENERIC_LIBRARY_NAME='htp'
GENERIC_LIBRARY_VERSION='2:0:0'
GENERIC_RELEASE='0.5.45'
GENERIC_VERSION='0.5.45'
GREP='/usr/bin/grep'
INSTALL_DATA='${INSTALL} -m 644'
INSTALL_PROGRAM='${INSTALL}'
INSTALL_SCRIPT='${INSTALL}'
INSTALL_STRIP_PROGRAM='$(install_sh) -c -s'
LCOV='no'
LD='/usr/bin/ld -m elf_x86_64'
LDFLAGS=''
LIBICONV=''
LIBOBJS=''
LIBS='-lz '
LIBTOOL='$(SHELL) $(top_builddir)/libtool'
LIPO=''
LN_S='ln -s'
LTLIBICONV=''
LTLIBOBJS=''
LT_SYS_LIBRARY_PATH=''
MAKEINFO='${SHELL} '\''/home/suri/workspaces/data-diode/libhtp/missing'\'' makeinfo'
MANIFEST_TOOL=':'
MKDIR_P='/usr/bin/mkdir -p'
NM='/usr/bin/nm -B'
NMEDIT=''
OBJDUMP='objdump'
OBJEXT='o'
OTOOL64=''
OTOOL=''
PACKAGE='htp'
PACKAGE_BUGREPORT=''
PACKAGE_NAME='LibHTP'
PACKAGE_STRING='LibHTP 0.5.45'
PACKAGE_TARNAME='libhtp'
PACKAGE_URL=''
PACKAGE_VERSION='0.5.45'
PATH_SEPARATOR=':'
RANLIB='ranlib'
SED='/usr/bin/sed'
SET_MAKE=''
SHELL='/bin/bash'
STRIP='strip'
VERSION='0.5.45'
ac_ct_AR='ar'
ac_ct_CC='gcc'
ac_ct_CXX='g++'
ac_ct_DUMPBIN=''
am__EXEEXT_FALSE=''
am__EXEEXT_TRUE='#'
am__fastdepCC_FALSE='#'
am__fastdepCC_TRUE=''
am__fastdepCXX_FALSE='#'
am__fastdepCXX_TRUE=''
am__include='include'
am__isrc=''
am__leading_dot='.'
am__nodep='_no'
am__quote=''
am__tar='$${TAR-tar} chof - "$$tardir"'
am__untar='$${TAR-tar} xf -'
bindir='${exec_prefix}/bin'
build='x86_64-pc-linux-gnu'
build_alias=''
build_cpu='x86_64'
build_os='linux-gnu'
build_vendor='pc'
datadir='${datarootdir}'
datarootdir='${prefix}/share'
docdir='${datarootdir}/doc/${PACKAGE_TARNAME}'
doxygen=''
dvidir='${docdir}'
exec_prefix='${prefix}'
host='x86_64-pc-linux-gnu'
host_alias=''
host_cpu='x86_64'
host_os='linux-gnu'
host_vendor='pc'
htmldir='${docdir}'
includedir='${prefix}/include'
infodir='${datarootdir}/info'
install_sh='${SHELL} /home/suri/workspaces/data-diode/libhtp/install-sh'
libdir='${exec_prefix}/lib'
libexecdir='${exec_prefix}/libexec'
localedir='${datarootdir}/locale'
localstatedir='/var'
mandir='${datarootdir}/man'
mkdir_p='$(MKDIR_P)'
oldincludedir='/usr/include'
pdfdir='${docdir}'
prefix='/usr'
program_transform_name='s,x,x,'
psdir='${docdir}'
runstatedir='${localstatedir}/run'
sbindir='${exec_prefix}/sbin'
sharedstatedir='${prefix}/com'
sysconfdir='/etc'
target_alias=''

## ----------- ##
## confdefs.h. ##
## ----------- ##

/* confdefs.h */
#define PACKAGE_NAME "LibHTP"
#define PACKAGE_TARNAME "libhtp"
#define PACKAGE_VERSION "0.5.45"
#define PACKAGE_STRING "LibHTP 0.5.45"
#define PACKAGE_BUGREPORT ""
#define PACKAGE_URL ""
#define PACKAGE "libhtp"
#define VERSION "0.5.45"
#define HAVE_STDIO_H 1
#define HAVE_STDLIB_H 1
#define HAVE_STRING_H 1
#define HAVE_INTTYPES_H 1
#define HAVE_STDINT_H 1
#define HAVE_STRINGS_H 1
#define HAVE_SYS_STAT_H 1
#define HAVE_SYS_TYPES_H 1
#define HAVE_UNISTD_H 1
#define STDC_HEADERS 1
#define HAVE_DLFCN_H 1
#define LT_OBJDIR ".libs/"
#define HAVE_LIBZ 1
#define HAVE_ICONV 1
#define ICONV_CONST 

configure: exit 0
